<?xml version="1.0" encoding="UTF-8"?>
<!-- Generated by org.testng.reporters.JUnitReportReporter -->
<testsuite skipped="0" hostname="Mirs-MBP-2.lan" name="com.runner.MyRunner" tests="2" failures="0" timestamp="29 Sep 2022 16:53:24 GMT" time="11.133" errors="0">
  <testcase name="feature" time="4.111" classname="com.runner.MyRunner"/>
  <testcase name="feature" time="7.022" classname="com.runner.MyRunner"/>
</testsuite> <!-- com.runner.MyRunner -->
